1505968737094	geckodriver	INFO	Listening on 127.0.0.1:49541
1505968738121	geckodriver::marionette	INFO	Starting browser /Applications/Firefox.app/Contents/MacOS/firefox-bin with args ["-marionette"]
1505968738477	addons.xpi	WARN	Error parsing extensions state: [Exception... "Component returned failure code: 0x80520012 (NS_ERROR_FILE_NOT_FOUND) [amIAddonManagerStartup.readStartupData]"  nsresult: "0x80520012 (NS_ERROR_FILE_NOT_FOUND)"  location: "JS frame :: resource://gre/modules/addons/XPIProvider.jsm :: loadExtensionState :: line 1596"  data: no] Stack trace: loadExtensionState()@resource://gre/modules/addons/XPIProvider.jsm:1596 < getInstallState()@resource://gre/modules/addons/XPIProvider.jsm:1631 < checkForChanges()@resource://gre/modules/addons/XPIProvider.jsm:3152 < startup()@resource://gre/modules/addons/XPIProvider.jsm:2246 < callProvider()@resource://gre/modules/AddonManager.jsm:271 < _startProvider()@resource://gre/modules/AddonManager.jsm:741 < startup()@resource://gre/modules/AddonManager.jsm:908 < startup()@resource://gre/modules/AddonManager.jsm:3122 < observe()@jar:file:///Applications/Firefox.app/Contents/Resources/omni.ja!/components/addonManager.js:65
1505968738813	Marionette	INFO	Enabled via --marionette
2017-09-20 23:39:00.092 plugin-container[12950:1825451] *** CFMessagePort: bootstrap_register(): failed 1100 (0x44c) 'Permission denied', port = 0xa33b, name = 'com.apple.tsm.portname'
See /usr/include/servers/bootstrap_defs.h for the error codes.
2017-09-20 23:39:00.096 plugin-container[12950:1825451] *** CFMessagePort: bootstrap_register(): failed 1100 (0x44c) 'Permission denied', port = 0xa603, name = 'com.apple.CFPasteboardClient'
See /usr/include/servers/bootstrap_defs.h for the error codes.
1505968740289	Marionette	INFO	Listening on port 49550
JavaScript error: chrome://marionette/content/server.js, line 337: NS_ERROR_SOCKET_ADDRESS_IN_USE: Component returned failure code: 0x804b0036 (NS_ERROR_SOCKET_ADDRESS_IN_USE) [nsIServerSocket.initSpecialConnection]
1505968740316	Marionette	WARN	TLS certificate errors will be ignored for this session
1505968740355	Marionette	DEBUG	loaded listener.js
1505968740371	Marionette	DEBUG	Received DOM event "beforeunload" for "about:blank"
1505968741212	Marionette	DEBUG	Received DOM event "pagehide" for "about:blank"
1505968741212	Marionette	DEBUG	Received DOM event "unload" for "about:blank"
1505968742331	Marionette	DEBUG	Received DOM event "DOMContentLoaded" for "https://letskodeit.teachable.com/p/practice"
1505968743332	Marionette	DEBUG	Received DOM event "DOMContentLoaded" for "https://letskodeit.teachable.com/courses"
1505968743571	Marionette	DEBUG	Received DOM event "DOMContentLoaded" for "https://dialog.filestackapi.com/dialog/comm_iframe/"
1505968743578	Marionette	DEBUG	Received DOM event "pageshow" for "https://dialog.filestackapi.com/dialog/comm_iframe/"
1505968743578	Marionette	DEBUG	Received DOM event "DOMContentLoaded" for "https://www.filestackapi.com/dialog/comm_iframe/"
1505968743580	Marionette	DEBUG	Received DOM event "pageshow" for "https://www.filestackapi.com/dialog/comm_iframe/"
1505968743604	Marionette	DEBUG	Received DOM event "DOMContentLoaded" for "https://dialog.filestackapi.com/dialog/comm_iframe/"
1505968743608	Marionette	DEBUG	Received DOM event "pageshow" for "https://dialog.filestackapi.com/dialog/comm_iframe/"
1505968743609	Marionette	DEBUG	Received DOM event "DOMContentLoaded" for "https://www.filestackapi.com/dialog/comm_iframe/"
1505968743611	Marionette	DEBUG	Received DOM event "pageshow" for "https://www.filestackapi.com/dialog/comm_iframe/"
1505968743652	Marionette	DEBUG	Received DOM event "pageshow" for "https://letskodeit.teachable.com/courses"
1505968743666	Marionette	DEBUG	Received DOM event "pageshow" for "https://letskodeit.teachable.com/p/practice"
1505968806755	geckodriver	INFO	Listening on 127.0.0.1:49667
1505968807787	geckodriver::marionette	INFO	Starting browser /Applications/Firefox.app/Contents/MacOS/firefox-bin with args ["-marionette"]
1505968808038	addons.xpi	WARN	Error parsing extensions state: [Exception... "Component returned failure code: 0x80520012 (NS_ERROR_FILE_NOT_FOUND) [amIAddonManagerStartup.readStartupData]"  nsresult: "0x80520012 (NS_ERROR_FILE_NOT_FOUND)"  location: "JS frame :: resource://gre/modules/addons/XPIProvider.jsm :: loadExtensionState :: line 1596"  data: no] Stack trace: loadExtensionState()@resource://gre/modules/addons/XPIProvider.jsm:1596 < getInstallState()@resource://gre/modules/addons/XPIProvider.jsm:1631 < checkForChanges()@resource://gre/modules/addons/XPIProvider.jsm:3152 < startup()@resource://gre/modules/addons/XPIProvider.jsm:2246 < callProvider()@resource://gre/modules/AddonManager.jsm:271 < _startProvider()@resource://gre/modules/AddonManager.jsm:741 < startup()@resource://gre/modules/AddonManager.jsm:908 < startup()@resource://gre/modules/AddonManager.jsm:3122 < observe()@jar:file:///Applications/Firefox.app/Contents/Resources/omni.ja!/components/addonManager.js:65
1505968808359	Marionette	INFO	Enabled via --marionette
2017-09-20 23:40:09.533 plugin-container[12968:1826444] *** CFMessagePort: bootstrap_register(): failed 1100 (0x44c) 'Permission denied', port = 0xa23b, name = 'com.apple.tsm.portname'
See /usr/include/servers/bootstrap_defs.h for the error codes.
2017-09-20 23:40:09.536 plugin-container[12968:1826444] *** CFMessagePort: bootstrap_register(): failed 1100 (0x44c) 'Permission denied', port = 0xa503, name = 'com.apple.CFPasteboardClient'
See /usr/include/servers/bootstrap_defs.h for the error codes.
1505968809701	Marionette	INFO	Listening on port 49676
JavaScript error: chrome://marionette/content/server.js, line 337: NS_ERROR_SOCKET_ADDRESS_IN_USE: Component returned failure code: 0x804b0036 (NS_ERROR_SOCKET_ADDRESS_IN_USE) [nsIServerSocket.initSpecialConnection]
1505968809770	Marionette	WARN	TLS certificate errors will be ignored for this session
1505968809802	Marionette	DEBUG	loaded listener.js
1505968809820	Marionette	DEBUG	Received DOM event "beforeunload" for "about:blank"
1505968810613	Marionette	DEBUG	Received DOM event "pagehide" for "about:blank"
1505968810613	Marionette	DEBUG	Received DOM event "unload" for "about:blank"
1505968811706	Marionette	DEBUG	Received DOM event "DOMContentLoaded" for "https://letskodeit.teachable.com/p/practice"
1505968812516	Marionette	DEBUG	Received DOM event "DOMContentLoaded" for "https://dialog.filestackapi.com/dialog/comm_iframe/"
1505968812520	Marionette	DEBUG	Received DOM event "pageshow" for "https://dialog.filestackapi.com/dialog/comm_iframe/"
1505968812534	Marionette	DEBUG	Received DOM event "DOMContentLoaded" for "https://www.filestackapi.com/dialog/comm_iframe/"
1505968812538	Marionette	DEBUG	Received DOM event "pageshow" for "https://www.filestackapi.com/dialog/comm_iframe/"
1505968812945	Marionette	DEBUG	Received DOM event "DOMContentLoaded" for "https://letskodeit.teachable.com/courses"
1505968813157	Marionette	DEBUG	Received DOM event "DOMContentLoaded" for "https://dialog.filestackapi.com/dialog/comm_iframe/"
1505968813169	Marionette	DEBUG	Received DOM event "pageshow" for "https://dialog.filestackapi.com/dialog/comm_iframe/"
1505968813172	Marionette	DEBUG	Received DOM event "DOMContentLoaded" for "https://www.filestackapi.com/dialog/comm_iframe/"
1505968813174	Marionette	DEBUG	Received DOM event "pageshow" for "https://www.filestackapi.com/dialog/comm_iframe/"
1505968813367	Marionette	DEBUG	Received DOM event "pageshow" for "https://letskodeit.teachable.com/courses"
1505968813382	Marionette	DEBUG	Received DOM event "pageshow" for "https://letskodeit.teachable.com/p/practice"
1505969132739	geckodriver	INFO	Listening on 127.0.0.1:49786
1505969133771	geckodriver::marionette	INFO	Starting browser /Applications/Firefox.app/Contents/MacOS/firefox-bin with args ["-marionette"]
1505969134025	addons.xpi	WARN	Error parsing extensions state: [Exception... "Component returned failure code: 0x80520012 (NS_ERROR_FILE_NOT_FOUND) [amIAddonManagerStartup.readStartupData]"  nsresult: "0x80520012 (NS_ERROR_FILE_NOT_FOUND)"  location: "JS frame :: resource://gre/modules/addons/XPIProvider.jsm :: loadExtensionState :: line 1596"  data: no] Stack trace: loadExtensionState()@resource://gre/modules/addons/XPIProvider.jsm:1596 < getInstallState()@resource://gre/modules/addons/XPIProvider.jsm:1631 < checkForChanges()@resource://gre/modules/addons/XPIProvider.jsm:3152 < startup()@resource://gre/modules/addons/XPIProvider.jsm:2246 < callProvider()@resource://gre/modules/AddonManager.jsm:271 < _startProvider()@resource://gre/modules/AddonManager.jsm:741 < startup()@resource://gre/modules/AddonManager.jsm:908 < startup()@resource://gre/modules/AddonManager.jsm:3122 < observe()@jar:file:///Applications/Firefox.app/Contents/Resources/omni.ja!/components/addonManager.js:65
1505969134348	Marionette	INFO	Enabled via --marionette
2017-09-20 23:45:35.592 plugin-container[12997:1829054] *** CFMessagePort: bootstrap_register(): failed 1100 (0x44c) 'Permission denied', port = 0xa33b, name = 'com.apple.tsm.portname'
See /usr/include/servers/bootstrap_defs.h for the error codes.
2017-09-20 23:45:35.595 plugin-container[12997:1829054] *** CFMessagePort: bootstrap_register(): failed 1100 (0x44c) 'Permission denied', port = 0xa603, name = 'com.apple.CFPasteboardClient'
See /usr/include/servers/bootstrap_defs.h for the error codes.
1505969135794	Marionette	INFO	Listening on port 49795
JavaScript error: chrome://marionette/content/server.js, line 337: NS_ERROR_SOCKET_ADDRESS_IN_USE: Component returned failure code: 0x804b0036 (NS_ERROR_SOCKET_ADDRESS_IN_USE) [nsIServerSocket.initSpecialConnection]
1505969135851	Marionette	WARN	TLS certificate errors will be ignored for this session
1505969135885	Marionette	DEBUG	loaded listener.js
1505969135901	Marionette	DEBUG	Received DOM event "beforeunload" for "about:blank"
1505969136748	Marionette	DEBUG	Received DOM event "pagehide" for "about:blank"
1505969136749	Marionette	DEBUG	Received DOM event "unload" for "about:blank"
1505969137839	Marionette	DEBUG	Received DOM event "DOMContentLoaded" for "https://letskodeit.teachable.com/p/practice"
1505969139046	Marionette	DEBUG	Received DOM event "DOMContentLoaded" for "https://letskodeit.teachable.com/courses"
1505969139484	Marionette	DEBUG	Received DOM event "DOMContentLoaded" for "https://dialog.filestackapi.com/dialog/comm_iframe/"
1505969139491	Marionette	DEBUG	Received DOM event "pageshow" for "https://dialog.filestackapi.com/dialog/comm_iframe/"
1505969139492	Marionette	DEBUG	Received DOM event "DOMContentLoaded" for "https://dialog.filestackapi.com/dialog/comm_iframe/"
1505969139494	Marionette	DEBUG	Received DOM event "pageshow" for "https://dialog.filestackapi.com/dialog/comm_iframe/"
1505969139522	Marionette	DEBUG	Received DOM event "DOMContentLoaded" for "https://www.filestackapi.com/dialog/comm_iframe/"
1505969139525	Marionette	DEBUG	Received DOM event "pageshow" for "https://www.filestackapi.com/dialog/comm_iframe/"
1505969139525	Marionette	DEBUG	Received DOM event "DOMContentLoaded" for "https://www.filestackapi.com/dialog/comm_iframe/"
1505969139526	Marionette	DEBUG	Received DOM event "pageshow" for "https://www.filestackapi.com/dialog/comm_iframe/"
1505969139539	Marionette	DEBUG	Received DOM event "pageshow" for "https://letskodeit.teachable.com/courses"
1505969139552	Marionette	DEBUG	Received DOM event "pageshow" for "https://letskodeit.teachable.com/p/practice"
1505969309576	geckodriver	INFO	Listening on 127.0.0.1:49904
1505969310609	geckodriver::marionette	INFO	Starting browser /Applications/Firefox.app/Contents/MacOS/firefox-bin with args ["-marionette"]
1505969310863	addons.xpi	WARN	Error parsing extensions state: [Exception... "Component returned failure code: 0x80520012 (NS_ERROR_FILE_NOT_FOUND) [amIAddonManagerStartup.readStartupData]"  nsresult: "0x80520012 (NS_ERROR_FILE_NOT_FOUND)"  location: "JS frame :: resource://gre/modules/addons/XPIProvider.jsm :: loadExtensionState :: line 1596"  data: no] Stack trace: loadExtensionState()@resource://gre/modules/addons/XPIProvider.jsm:1596 < getInstallState()@resource://gre/modules/addons/XPIProvider.jsm:1631 < checkForChanges()@resource://gre/modules/addons/XPIProvider.jsm:3152 < startup()@resource://gre/modules/addons/XPIProvider.jsm:2246 < callProvider()@resource://gre/modules/AddonManager.jsm:271 < _startProvider()@resource://gre/modules/AddonManager.jsm:741 < startup()@resource://gre/modules/AddonManager.jsm:908 < startup()@resource://gre/modules/AddonManager.jsm:3122 < observe()@jar:file:///Applications/Firefox.app/Contents/Resources/omni.ja!/components/addonManager.js:65
1505969311196	Marionette	INFO	Enabled via --marionette
2017-09-20 23:48:32.411 plugin-container[13019:1830952] *** CFMessagePort: bootstrap_register(): failed 1100 (0x44c) 'Permission denied', port = 0xa33b, name = 'com.apple.tsm.portname'
See /usr/include/servers/bootstrap_defs.h for the error codes.
2017-09-20 23:48:32.415 plugin-container[13019:1830952] *** CFMessagePort: bootstrap_register(): failed 1100 (0x44c) 'Permission denied', port = 0xa603, name = 'com.apple.CFPasteboardClient'
See /usr/include/servers/bootstrap_defs.h for the error codes.
1505969312587	Marionette	INFO	Listening on port 49913
JavaScript error: chrome://marionette/content/server.js, line 337: NS_ERROR_SOCKET_ADDRESS_IN_USE: Component returned failure code: 0x804b0036 (NS_ERROR_SOCKET_ADDRESS_IN_USE) [nsIServerSocket.initSpecialConnection]
1505969312695	Marionette	WARN	TLS certificate errors will be ignored for this session
1505969312727	Marionette	DEBUG	loaded listener.js
1505969312742	Marionette	DEBUG	Received DOM event "beforeunload" for "about:blank"
1505969314408	Marionette	DEBUG	Received DOM event "pagehide" for "about:blank"
1505969314408	Marionette	DEBUG	Received DOM event "unload" for "about:blank"
1505969315472	Marionette	DEBUG	Received DOM event "DOMContentLoaded" for "https://letskodeit.teachable.com/p/practice"
1505969316746	Marionette	DEBUG	Received DOM event "DOMContentLoaded" for "https://letskodeit.teachable.com/courses"
1505969317686	Marionette	DEBUG	Received DOM event "DOMContentLoaded" for "https://www.filestackapi.com/dialog/comm_iframe/"
1505969317690	Marionette	DEBUG	Received DOM event "pageshow" for "https://www.filestackapi.com/dialog/comm_iframe/"
1505969317691	Marionette	DEBUG	Received DOM event "DOMContentLoaded" for "https://dialog.filestackapi.com/dialog/comm_iframe/"
1505969317694	Marionette	DEBUG	Received DOM event "pageshow" for "https://dialog.filestackapi.com/dialog/comm_iframe/"
1505969317696	Marionette	DEBUG	Received DOM event "DOMContentLoaded" for "https://dialog.filestackapi.com/dialog/comm_iframe/"
1505969317699	Marionette	DEBUG	Received DOM event "pageshow" for "https://dialog.filestackapi.com/dialog/comm_iframe/"
1505969317700	Marionette	DEBUG	Received DOM event "DOMContentLoaded" for "https://www.filestackapi.com/dialog/comm_iframe/"
1505969317701	Marionette	DEBUG	Received DOM event "pageshow" for "https://www.filestackapi.com/dialog/comm_iframe/"
1505969317786	Marionette	DEBUG	Received DOM event "pageshow" for "https://letskodeit.teachable.com/courses"
1505969317843	Marionette	DEBUG	Received DOM event "DOMContentLoaded" for "https://fast.wistia.com/embed/iframe_shim?domain=com"
1505969317846	Marionette	DEBUG	Received DOM event "pageshow" for "https://fast.wistia.com/embed/iframe_shim?domain=com"
1505969317886	Marionette	DEBUG	Received DOM event "DOMContentLoaded" for "https://fast.wistia.com/embed/iframe_shim?domain=com"
1505969317887	Marionette	DEBUG	Received DOM event "pageshow" for "https://fast.wistia.com/embed/iframe_shim?domain=com"
1505969317942	Marionette	DEBUG	Received DOM event "pageshow" for "https://letskodeit.teachable.com/p/practice"
1505969341367	geckodriver	INFO	Listening on 127.0.0.1:50019
1505969342403	geckodriver::marionette	INFO	Starting browser /Applications/Firefox.app/Contents/MacOS/firefox-bin with args ["-marionette"]
1505969342662	addons.xpi	WARN	Error parsing extensions state: [Exception... "Component returned failure code: 0x80520012 (NS_ERROR_FILE_NOT_FOUND) [amIAddonManagerStartup.readStartupData]"  nsresult: "0x80520012 (NS_ERROR_FILE_NOT_FOUND)"  location: "JS frame :: resource://gre/modules/addons/XPIProvider.jsm :: loadExtensionState :: line 1596"  data: no] Stack trace: loadExtensionState()@resource://gre/modules/addons/XPIProvider.jsm:1596 < getInstallState()@resource://gre/modules/addons/XPIProvider.jsm:1631 < checkForChanges()@resource://gre/modules/addons/XPIProvider.jsm:3152 < startup()@resource://gre/modules/addons/XPIProvider.jsm:2246 < callProvider()@resource://gre/modules/AddonManager.jsm:271 < _startProvider()@resource://gre/modules/AddonManager.jsm:741 < startup()@resource://gre/modules/AddonManager.jsm:908 < startup()@resource://gre/modules/AddonManager.jsm:3122 < observe()@jar:file:///Applications/Firefox.app/Contents/Resources/omni.ja!/components/addonManager.js:65
1505969342991	Marionette	INFO	Enabled via --marionette
2017-09-20 23:49:04.248 plugin-container[13040:1832229] *** CFMessagePort: bootstrap_register(): failed 1100 (0x44c) 'Permission denied', port = 0xa23b, name = 'com.apple.tsm.portname'
See /usr/include/servers/bootstrap_defs.h for the error codes.
2017-09-20 23:49:04.251 plugin-container[13040:1832229] *** CFMessagePort: bootstrap_register(): failed 1100 (0x44c) 'Permission denied', port = 0xa503, name = 'com.apple.CFPasteboardClient'
See /usr/include/servers/bootstrap_defs.h for the error codes.
1505969344497	Marionette	INFO	Listening on port 50028
JavaScript error: chrome://marionette/content/server.js, line 337: NS_ERROR_SOCKET_ADDRESS_IN_USE: Component returned failure code: 0x804b0036 (NS_ERROR_SOCKET_ADDRESS_IN_USE) [nsIServerSocket.initSpecialConnection]
1505969344595	Marionette	WARN	TLS certificate errors will be ignored for this session
1505969344629	Marionette	DEBUG	loaded listener.js
1505969344648	Marionette	DEBUG	Received DOM event "beforeunload" for "about:blank"
1505969345354	Marionette	DEBUG	Received DOM event "pagehide" for "about:blank"
1505969345355	Marionette	DEBUG	Received DOM event "unload" for "about:blank"
1505969346370	Marionette	DEBUG	Received DOM event "DOMContentLoaded" for "https://letskodeit.teachable.com/p/practice"
1505969347212	Marionette	DEBUG	Received DOM event "DOMContentLoaded" for "https://www.filestackapi.com/dialog/comm_iframe/"
1505969347217	Marionette	DEBUG	Received DOM event "pageshow" for "https://www.filestackapi.com/dialog/comm_iframe/"
1505969347219	Marionette	DEBUG	Received DOM event "DOMContentLoaded" for "https://dialog.filestackapi.com/dialog/comm_iframe/"
1505969347220	Marionette	DEBUG	Received DOM event "pageshow" for "https://dialog.filestackapi.com/dialog/comm_iframe/"
1505969347630	Marionette	DEBUG	Received DOM event "DOMContentLoaded" for "https://letskodeit.teachable.com/courses"
1505969347866	Marionette	DEBUG	Received DOM event "DOMContentLoaded" for "https://dialog.filestackapi.com/dialog/comm_iframe/"
1505969347868	Marionette	DEBUG	Received DOM event "pageshow" for "https://dialog.filestackapi.com/dialog/comm_iframe/"
1505969347869	Marionette	DEBUG	Received DOM event "DOMContentLoaded" for "https://www.filestackapi.com/dialog/comm_iframe/"
1505969347870	Marionette	DEBUG	Received DOM event "pageshow" for "https://www.filestackapi.com/dialog/comm_iframe/"
1505969347996	Marionette	DEBUG	Received DOM event "pageshow" for "https://letskodeit.teachable.com/courses"
1505969348012	Marionette	DEBUG	Received DOM event "pageshow" for "https://letskodeit.teachable.com/p/practice"
1505969492886	geckodriver	INFO	Listening on 127.0.0.1:50143
1505969493920	geckodriver::marionette	INFO	Starting browser /Applications/Firefox.app/Contents/MacOS/firefox-bin with args ["-marionette"]
1505969494171	addons.xpi	WARN	Error parsing extensions state: [Exception... "Component returned failure code: 0x80520012 (NS_ERROR_FILE_NOT_FOUND) [amIAddonManagerStartup.readStartupData]"  nsresult: "0x80520012 (NS_ERROR_FILE_NOT_FOUND)"  location: "JS frame :: resource://gre/modules/addons/XPIProvider.jsm :: loadExtensionState :: line 1596"  data: no] Stack trace: loadExtensionState()@resource://gre/modules/addons/XPIProvider.jsm:1596 < getInstallState()@resource://gre/modules/addons/XPIProvider.jsm:1631 < checkForChanges()@resource://gre/modules/addons/XPIProvider.jsm:3152 < startup()@resource://gre/modules/addons/XPIProvider.jsm:2246 < callProvider()@resource://gre/modules/AddonManager.jsm:271 < _startProvider()@resource://gre/modules/AddonManager.jsm:741 < startup()@resource://gre/modules/AddonManager.jsm:908 < startup()@resource://gre/modules/AddonManager.jsm:3122 < observe()@jar:file:///Applications/Firefox.app/Contents/Resources/omni.ja!/components/addonManager.js:65
1505969494487	Marionette	INFO	Enabled via --marionette
2017-09-20 23:51:35.675 plugin-container[13065:1834379] *** CFMessagePort: bootstrap_register(): failed 1100 (0x44c) 'Permission denied', port = 0xa23b, name = 'com.apple.tsm.portname'
See /usr/include/servers/bootstrap_defs.h for the error codes.
2017-09-20 23:51:35.679 plugin-container[13065:1834379] *** CFMessagePort: bootstrap_register(): failed 1100 (0x44c) 'Permission denied', port = 0xa503, name = 'com.apple.CFPasteboardClient'
See /usr/include/servers/bootstrap_defs.h for the error codes.
1505969495879	Marionette	INFO	Listening on port 50152
JavaScript error: chrome://marionette/content/server.js, line 337: NS_ERROR_SOCKET_ADDRESS_IN_USE: Component returned failure code: 0x804b0036 (NS_ERROR_SOCKET_ADDRESS_IN_USE) [nsIServerSocket.initSpecialConnection]
1505969495902	Marionette	WARN	TLS certificate errors will be ignored for this session
1505969495943	Marionette	DEBUG	loaded listener.js
1505969495958	Marionette	DEBUG	Received DOM event "beforeunload" for "about:blank"
1505969496792	Marionette	DEBUG	Received DOM event "pagehide" for "about:blank"
1505969496793	Marionette	DEBUG	Received DOM event "unload" for "about:blank"
1505969497781	Marionette	DEBUG	Received DOM event "DOMContentLoaded" for "https://letskodeit.teachable.com/p/practice"
1505969498684	Marionette	DEBUG	Received DOM event "DOMContentLoaded" for "https://letskodeit.teachable.com/courses"
1505969499024	Marionette	DEBUG	Received DOM event "DOMContentLoaded" for "https://dialog.filestackapi.com/dialog/comm_iframe/"
1505969499027	Marionette	DEBUG	Received DOM event "pageshow" for "https://dialog.filestackapi.com/dialog/comm_iframe/"
1505969499028	Marionette	DEBUG	Received DOM event "DOMContentLoaded" for "https://www.filestackapi.com/dialog/comm_iframe/"
1505969499029	Marionette	DEBUG	Received DOM event "pageshow" for "https://www.filestackapi.com/dialog/comm_iframe/"
1505969499041	Marionette	DEBUG	Received DOM event "DOMContentLoaded" for "https://dialog.filestackapi.com/dialog/comm_iframe/"
1505969499044	Marionette	DEBUG	Received DOM event "pageshow" for "https://dialog.filestackapi.com/dialog/comm_iframe/"
1505969499045	Marionette	DEBUG	Received DOM event "DOMContentLoaded" for "https://www.filestackapi.com/dialog/comm_iframe/"
1505969499046	Marionette	DEBUG	Received DOM event "pageshow" for "https://www.filestackapi.com/dialog/comm_iframe/"
1505969499105	Marionette	DEBUG	Received DOM event "pageshow" for "https://letskodeit.teachable.com/courses"
1505969499322	Marionette	DEBUG	Received DOM event "DOMContentLoaded" for "https://fast.wistia.com/embed/iframe_shim?domain=com"
1505969499324	Marionette	DEBUG	Received DOM event "pageshow" for "https://fast.wistia.com/embed/iframe_shim?domain=com"
1505969499410	Marionette	DEBUG	Received DOM event "DOMContentLoaded" for "https://fast.wistia.com/embed/iframe_shim?domain=com"
1505969499413	Marionette	DEBUG	Received DOM event "pageshow" for "https://fast.wistia.com/embed/iframe_shim?domain=com"
1505969499580	Marionette	DEBUG	Received DOM event "pageshow" for "https://letskodeit.teachable.com/p/practice"
1505969561533	geckodriver	INFO	Listening on 127.0.0.1:50254
1505969562577	geckodriver::marionette	INFO	Starting browser /Applications/Firefox.app/Contents/MacOS/firefox-bin with args ["-marionette"]
1505969562888	addons.xpi	WARN	Error parsing extensions state: [Exception... "Component returned failure code: 0x80520012 (NS_ERROR_FILE_NOT_FOUND) [amIAddonManagerStartup.readStartupData]"  nsresult: "0x80520012 (NS_ERROR_FILE_NOT_FOUND)"  location: "JS frame :: resource://gre/modules/addons/XPIProvider.jsm :: loadExtensionState :: line 1596"  data: no] Stack trace: loadExtensionState()@resource://gre/modules/addons/XPIProvider.jsm:1596 < getInstallState()@resource://gre/modules/addons/XPIProvider.jsm:1631 < checkForChanges()@resource://gre/modules/addons/XPIProvider.jsm:3152 < startup()@resource://gre/modules/addons/XPIProvider.jsm:2246 < callProvider()@resource://gre/modules/AddonManager.jsm:271 < _startProvider()@resource://gre/modules/AddonManager.jsm:741 < startup()@resource://gre/modules/AddonManager.jsm:908 < startup()@resource://gre/modules/AddonManager.jsm:3122 < observe()@jar:file:///Applications/Firefox.app/Contents/Resources/omni.ja!/components/addonManager.js:65
1505969563204	Marionette	INFO	Enabled via --marionette
2017-09-20 23:52:44.460 plugin-container[13081:1835235] *** CFMessagePort: bootstrap_register(): failed 1100 (0x44c) 'Permission denied', port = 0xa23b, name = 'com.apple.tsm.portname'
See /usr/include/servers/bootstrap_defs.h for the error codes.
2017-09-20 23:52:44.463 plugin-container[13081:1835235] *** CFMessagePort: bootstrap_register(): failed 1100 (0x44c) 'Permission denied', port = 0xa503, name = 'com.apple.CFPasteboardClient'
See /usr/include/servers/bootstrap_defs.h for the error codes.
1505969564680	Marionette	INFO	Listening on port 50263
JavaScript error: chrome://marionette/content/server.js, line 337: NS_ERROR_SOCKET_ADDRESS_IN_USE: Component returned failure code: 0x804b0036 (NS_ERROR_SOCKET_ADDRESS_IN_USE) [nsIServerSocket.initSpecialConnection]
1505969564784	Marionette	WARN	TLS certificate errors will be ignored for this session
1505969564818	Marionette	DEBUG	loaded listener.js
1505969564834	Marionette	DEBUG	Received DOM event "beforeunload" for "about:blank"
1505969565661	Marionette	DEBUG	Received DOM event "pagehide" for "about:blank"
1505969565661	Marionette	DEBUG	Received DOM event "unload" for "about:blank"
1505969566716	Marionette	DEBUG	Received DOM event "DOMContentLoaded" for "https://letskodeit.teachable.com/p/practice"
1505969567979	Marionette	DEBUG	Received DOM event "DOMContentLoaded" for "https://letskodeit.teachable.com/courses"
1505969568261	Marionette	DEBUG	Received DOM event "DOMContentLoaded" for "https://www.filestackapi.com/dialog/comm_iframe/"
1505969568264	Marionette	DEBUG	Received DOM event "pageshow" for "https://www.filestackapi.com/dialog/comm_iframe/"
1505969568264	Marionette	DEBUG	Received DOM event "DOMContentLoaded" for "https://dialog.filestackapi.com/dialog/comm_iframe/"
1505969568267	Marionette	DEBUG	Received DOM event "pageshow" for "https://dialog.filestackapi.com/dialog/comm_iframe/"
1505969568281	Marionette	DEBUG	Received DOM event "DOMContentLoaded" for "https://dialog.filestackapi.com/dialog/comm_iframe/"
1505969568283	Marionette	DEBUG	Received DOM event "pageshow" for "https://dialog.filestackapi.com/dialog/comm_iframe/"
1505969568285	Marionette	DEBUG	Received DOM event "DOMContentLoaded" for "https://www.filestackapi.com/dialog/comm_iframe/"
1505969568288	Marionette	DEBUG	Received DOM event "pageshow" for "https://www.filestackapi.com/dialog/comm_iframe/"
1505969568481	Marionette	DEBUG	Received DOM event "pageshow" for "https://letskodeit.teachable.com/courses"
1505969568498	Marionette	DEBUG	Received DOM event "pageshow" for "https://letskodeit.teachable.com/p/practice"
1505969738079	geckodriver	INFO	Listening on 127.0.0.1:50382
1505969739110	geckodriver::marionette	INFO	Starting browser /Applications/Firefox.app/Contents/MacOS/firefox-bin with args ["-marionette"]
1505969739377	addons.xpi	WARN	Error parsing extensions state: [Exception... "Component returned failure code: 0x80520012 (NS_ERROR_FILE_NOT_FOUND) [amIAddonManagerStartup.readStartupData]"  nsresult: "0x80520012 (NS_ERROR_FILE_NOT_FOUND)"  location: "JS frame :: resource://gre/modules/addons/XPIProvider.jsm :: loadExtensionState :: line 1596"  data: no] Stack trace: loadExtensionState()@resource://gre/modules/addons/XPIProvider.jsm:1596 < getInstallState()@resource://gre/modules/addons/XPIProvider.jsm:1631 < checkForChanges()@resource://gre/modules/addons/XPIProvider.jsm:3152 < startup()@resource://gre/modules/addons/XPIProvider.jsm:2246 < callProvider()@resource://gre/modules/AddonManager.jsm:271 < _startProvider()@resource://gre/modules/AddonManager.jsm:741 < startup()@resource://gre/modules/AddonManager.jsm:908 < startup()@resource://gre/modules/AddonManager.jsm:3122 < observe()@jar:file:///Applications/Firefox.app/Contents/Resources/omni.ja!/components/addonManager.js:65
1505969739690	Marionette	INFO	Enabled via --marionette
2017-09-20 23:55:40.875 plugin-container[13110:1836939] *** CFMessagePort: bootstrap_register(): failed 1100 (0x44c) 'Permission denied', port = 0xa33b, name = 'com.apple.tsm.portname'
See /usr/include/servers/bootstrap_defs.h for the error codes.
2017-09-20 23:55:40.878 plugin-container[13110:1836939] *** CFMessagePort: bootstrap_register(): failed 1100 (0x44c) 'Permission denied', port = 0xa603, name = 'com.apple.CFPasteboardClient'
See /usr/include/servers/bootstrap_defs.h for the error codes.
1505969741064	Marionette	INFO	Listening on port 50391
JavaScript error: chrome://marionette/content/server.js, line 337: NS_ERROR_SOCKET_ADDRESS_IN_USE: Component returned failure code: 0x804b0036 (NS_ERROR_SOCKET_ADDRESS_IN_USE) [nsIServerSocket.initSpecialConnection]
1505969741084	Marionette	WARN	TLS certificate errors will be ignored for this session
1505969741121	Marionette	DEBUG	loaded listener.js
1505969741138	Marionette	DEBUG	Received DOM event "beforeunload" for "about:blank"
1505969742235	Marionette	DEBUG	Received DOM event "pagehide" for "about:blank"
1505969742235	Marionette	DEBUG	Received DOM event "unload" for "about:blank"
1505969743200	Marionette	DEBUG	Received DOM event "DOMContentLoaded" for "https://letskodeit.teachable.com/p/practice"
1505969744196	Marionette	DEBUG	Received DOM event "DOMContentLoaded" for "https://letskodeit.teachable.com/courses"
1505969744459	Marionette	DEBUG	Received DOM event "DOMContentLoaded" for "https://dialog.filestackapi.com/dialog/comm_iframe/"
1505969744464	Marionette	DEBUG	Received DOM event "pageshow" for "https://dialog.filestackapi.com/dialog/comm_iframe/"
1505969744465	Marionette	DEBUG	Received DOM event "DOMContentLoaded" for "https://www.filestackapi.com/dialog/comm_iframe/"
1505969744468	Marionette	DEBUG	Received DOM event "pageshow" for "https://www.filestackapi.com/dialog/comm_iframe/"
1505969744480	Marionette	DEBUG	Received DOM event "DOMContentLoaded" for "https://dialog.filestackapi.com/dialog/comm_iframe/"
1505969744482	Marionette	DEBUG	Received DOM event "pageshow" for "https://dialog.filestackapi.com/dialog/comm_iframe/"
1505969744482	Marionette	DEBUG	Received DOM event "DOMContentLoaded" for "https://www.filestackapi.com/dialog/comm_iframe/"
1505969744484	Marionette	DEBUG	Received DOM event "pageshow" for "https://www.filestackapi.com/dialog/comm_iframe/"
1505969744660	Marionette	DEBUG	Received DOM event "pageshow" for "https://letskodeit.teachable.com/courses"
1505969744675	Marionette	DEBUG	Received DOM event "pageshow" for "https://letskodeit.teachable.com/p/practice"
1505969787185	geckodriver	INFO	Listening on 127.0.0.1:50495
1505969788224	geckodriver::marionette	INFO	Starting browser /Applications/Firefox.app/Contents/MacOS/firefox-bin with args ["-marionette"]
1505969788471	addons.xpi	WARN	Error parsing extensions state: [Exception... "Component returned failure code: 0x80520012 (NS_ERROR_FILE_NOT_FOUND) [amIAddonManagerStartup.readStartupData]"  nsresult: "0x80520012 (NS_ERROR_FILE_NOT_FOUND)"  location: "JS frame :: resource://gre/modules/addons/XPIProvider.jsm :: loadExtensionState :: line 1596"  data: no] Stack trace: loadExtensionState()@resource://gre/modules/addons/XPIProvider.jsm:1596 < getInstallState()@resource://gre/modules/addons/XPIProvider.jsm:1631 < checkForChanges()@resource://gre/modules/addons/XPIProvider.jsm:3152 < startup()@resource://gre/modules/addons/XPIProvider.jsm:2246 < callProvider()@resource://gre/modules/AddonManager.jsm:271 < _startProvider()@resource://gre/modules/AddonManager.jsm:741 < startup()@resource://gre/modules/AddonManager.jsm:908 < startup()@resource://gre/modules/AddonManager.jsm:3122 < observe()@jar:file:///Applications/Firefox.app/Contents/Resources/omni.ja!/components/addonManager.js:65
1505969788790	Marionette	INFO	Enabled via --marionette
2017-09-20 23:56:29.984 plugin-container[13123:1837689] *** CFMessagePort: bootstrap_register(): failed 1100 (0x44c) 'Permission denied', port = 0xa337, name = 'com.apple.tsm.portname'
See /usr/include/servers/bootstrap_defs.h for the error codes.
2017-09-20 23:56:29.987 plugin-container[13123:1837689] *** CFMessagePort: bootstrap_register(): failed 1100 (0x44c) 'Permission denied', port = 0xa603, name = 'com.apple.CFPasteboardClient'
See /usr/include/servers/bootstrap_defs.h for the error codes.
1505969790168	Marionette	INFO	Listening on port 50504
JavaScript error: chrome://marionette/content/server.js, line 337: NS_ERROR_SOCKET_ADDRESS_IN_USE: Component returned failure code: 0x804b0036 (NS_ERROR_SOCKET_ADDRESS_IN_USE) [nsIServerSocket.initSpecialConnection]
1505969790216	Marionette	WARN	TLS certificate errors will be ignored for this session
1505969790256	Marionette	DEBUG	loaded listener.js
1505969790271	Marionette	DEBUG	Received DOM event "beforeunload" for "about:blank"
1505969791836	Marionette	DEBUG	Received DOM event "pagehide" for "about:blank"
1505969791836	Marionette	DEBUG	Received DOM event "unload" for "about:blank"
1505969793472	Marionette	DEBUG	Received DOM event "DOMContentLoaded" for "https://letskodeit.teachable.com/p/practice"
1505969794810	Marionette	DEBUG	Received DOM event "DOMContentLoaded" for "https://letskodeit.teachable.com/courses"
1505969795213	Marionette	DEBUG	Received DOM event "DOMContentLoaded" for "https://www.filestackapi.com/dialog/comm_iframe/"
1505969795221	Marionette	DEBUG	Received DOM event "pageshow" for "https://www.filestackapi.com/dialog/comm_iframe/"
1505969795221	Marionette	DEBUG	Received DOM event "DOMContentLoaded" for "https://www.filestackapi.com/dialog/comm_iframe/"
1505969795223	Marionette	DEBUG	Received DOM event "pageshow" for "https://www.filestackapi.com/dialog/comm_iframe/"
1505969795441	Marionette	DEBUG	Received DOM event "DOMContentLoaded" for "https://dialog.filestackapi.com/dialog/comm_iframe/"
1505969795444	Marionette	DEBUG	Received DOM event "pageshow" for "https://dialog.filestackapi.com/dialog/comm_iframe/"
1505969795444	Marionette	DEBUG	Received DOM event "DOMContentLoaded" for "https://dialog.filestackapi.com/dialog/comm_iframe/"
1505969795446	Marionette	DEBUG	Received DOM event "pageshow" for "https://dialog.filestackapi.com/dialog/comm_iframe/"
1505969796625	Marionette	DEBUG	Received DOM event "pageshow" for "https://letskodeit.teachable.com/courses"
1505969796637	Marionette	DEBUG	Received DOM event "pageshow" for "https://letskodeit.teachable.com/p/practice"
1505970535474	geckodriver	INFO	Listening on 127.0.0.1:50635
1505970536509	geckodriver::marionette	INFO	Starting browser /Applications/Firefox.app/Contents/MacOS/firefox-bin with args ["-marionette"]
1505970536793	addons.xpi	WARN	Error parsing extensions state: [Exception... "Component returned failure code: 0x80520012 (NS_ERROR_FILE_NOT_FOUND) [amIAddonManagerStartup.readStartupData]"  nsresult: "0x80520012 (NS_ERROR_FILE_NOT_FOUND)"  location: "JS frame :: resource://gre/modules/addons/XPIProvider.jsm :: loadExtensionState :: line 1596"  data: no] Stack trace: loadExtensionState()@resource://gre/modules/addons/XPIProvider.jsm:1596 < getInstallState()@resource://gre/modules/addons/XPIProvider.jsm:1631 < checkForChanges()@resource://gre/modules/addons/XPIProvider.jsm:3152 < startup()@resource://gre/modules/addons/XPIProvider.jsm:2246 < callProvider()@resource://gre/modules/AddonManager.jsm:271 < _startProvider()@resource://gre/modules/AddonManager.jsm:741 < startup()@resource://gre/modules/AddonManager.jsm:908 < startup()@resource://gre/modules/AddonManager.jsm:3122 < observe()@jar:file:///Applications/Firefox.app/Contents/Resources/omni.ja!/components/addonManager.js:65
1505970537104	Marionette	INFO	Enabled via --marionette
2017-09-21 00:08:58.256 plugin-container[13188:1845761] *** CFMessagePort: bootstrap_register(): failed 1100 (0x44c) 'Permission denied', port = 0xa333, name = 'com.apple.tsm.portname'
See /usr/include/servers/bootstrap_defs.h for the error codes.
2017-09-21 00:08:58.262 plugin-container[13188:1845761] *** CFMessagePort: bootstrap_register(): failed 1100 (0x44c) 'Permission denied', port = 0xa603, name = 'com.apple.CFPasteboardClient'
See /usr/include/servers/bootstrap_defs.h for the error codes.
1505970538468	Marionette	INFO	Listening on port 50644
JavaScript error: chrome://marionette/content/server.js, line 337: NS_ERROR_SOCKET_ADDRESS_IN_USE: Component returned failure code: 0x804b0036 (NS_ERROR_SOCKET_ADDRESS_IN_USE) [nsIServerSocket.initSpecialConnection]
1505970538493	Marionette	WARN	TLS certificate errors will be ignored for this session
1505970538532	Marionette	DEBUG	loaded listener.js
1505970538550	Marionette	DEBUG	Received DOM event "beforeunload" for "about:blank"
1505970539364	Marionette	DEBUG	Received DOM event "pagehide" for "about:blank"
1505970539364	Marionette	DEBUG	Received DOM event "unload" for "about:blank"
1505970540388	Marionette	DEBUG	Received DOM event "DOMContentLoaded" for "https://letskodeit.teachable.com/p/practice"
1505970541937	Marionette	DEBUG	Received DOM event "DOMContentLoaded" for "https://letskodeit.teachable.com/courses"
1505970541963	Marionette	DEBUG	Received DOM event "DOMContentLoaded" for "https://www.filestackapi.com/dialog/comm_iframe/"
1505970541966	Marionette	DEBUG	Received DOM event "pageshow" for "https://www.filestackapi.com/dialog/comm_iframe/"
1505970541967	Marionette	DEBUG	Received DOM event "DOMContentLoaded" for "https://dialog.filestackapi.com/dialog/comm_iframe/"
1505970541970	Marionette	DEBUG	Received DOM event "pageshow" for "https://dialog.filestackapi.com/dialog/comm_iframe/"
1505970541972	Marionette	DEBUG	Received DOM event "DOMContentLoaded" for "https://dialog.filestackapi.com/dialog/comm_iframe/"
1505970541974	Marionette	DEBUG	Received DOM event "pageshow" for "https://dialog.filestackapi.com/dialog/comm_iframe/"
1505970541975	Marionette	DEBUG	Received DOM event "DOMContentLoaded" for "https://www.filestackapi.com/dialog/comm_iframe/"
1505970541978	Marionette	DEBUG	Received DOM event "pageshow" for "https://www.filestackapi.com/dialog/comm_iframe/"
1505970541998	Marionette	DEBUG	Received DOM event "pageshow" for "https://letskodeit.teachable.com/courses"
1505970542055	Marionette	DEBUG	Received DOM event "DOMContentLoaded" for "https://fast.wistia.com/embed/iframe_shim?domain=com"
1505970542056	Marionette	DEBUG	Received DOM event "pageshow" for "https://fast.wistia.com/embed/iframe_shim?domain=com"
1505970542102	Marionette	DEBUG	Received DOM event "DOMContentLoaded" for "https://fast.wistia.com/embed/iframe_shim?domain=com"
1505970542103	Marionette	DEBUG	Received DOM event "pageshow" for "https://fast.wistia.com/embed/iframe_shim?domain=com"
1505970542262	Marionette	DEBUG	Received DOM event "pageshow" for "https://letskodeit.teachable.com/p/practice"
1506127848371	geckodriver	INFO	Listening on 127.0.0.1:52232
1506127849400	geckodriver::marionette	INFO	Starting browser /Applications/Firefox.app/Contents/MacOS/firefox-bin with args ["-marionette"]
1506127849812	addons.xpi	WARN	Error parsing extensions state: [Exception... "Component returned failure code: 0x80520012 (NS_ERROR_FILE_NOT_FOUND) [amIAddonManagerStartup.readStartupData]"  nsresult: "0x80520012 (NS_ERROR_FILE_NOT_FOUND)"  location: "JS frame :: resource://gre/modules/addons/XPIProvider.jsm :: loadExtensionState :: line 1596"  data: no] Stack trace: loadExtensionState()@resource://gre/modules/addons/XPIProvider.jsm:1596 < getInstallState()@resource://gre/modules/addons/XPIProvider.jsm:1631 < checkForChanges()@resource://gre/modules/addons/XPIProvider.jsm:3152 < startup()@resource://gre/modules/addons/XPIProvider.jsm:2246 < callProvider()@resource://gre/modules/AddonManager.jsm:271 < _startProvider()@resource://gre/modules/AddonManager.jsm:741 < startup()@resource://gre/modules/AddonManager.jsm:908 < startup()@resource://gre/modules/AddonManager.jsm:3122 < observe()@jar:file:///Applications/Firefox.app/Contents/Resources/omni.ja!/components/addonManager.js:65
1506127850183	Marionette	INFO	Enabled via --marionette
2017-09-22 19:50:51.766 plugin-container[16204:2063241] *** CFMessagePort: bootstrap_register(): failed 1100 (0x44c) 'Permission denied', port = 0xa33b, name = 'com.apple.tsm.portname'
See /usr/include/servers/bootstrap_defs.h for the error codes.
2017-09-22 19:50:51.770 plugin-container[16204:2063241] *** CFMessagePort: bootstrap_register(): failed 1100 (0x44c) 'Permission denied', port = 0xa703, name = 'com.apple.CFPasteboardClient'
See /usr/include/servers/bootstrap_defs.h for the error codes.
1506127851985	Marionette	INFO	Listening on port 52241
JavaScript error: chrome://marionette/content/server.js, line 337: NS_ERROR_SOCKET_ADDRESS_IN_USE: Component returned failure code: 0x804b0036 (NS_ERROR_SOCKET_ADDRESS_IN_USE) [nsIServerSocket.initSpecialConnection]
1506127852027	Marionette	WARN	TLS certificate errors will be ignored for this session
1506127852069	Marionette	DEBUG	loaded listener.js
1506127852086	Marionette	DEBUG	Received DOM event "beforeunload" for "about:blank"
1506127852899	Marionette	DEBUG	Received DOM event "pagehide" for "about:blank"
1506127852899	Marionette	DEBUG	Received DOM event "unload" for "about:blank"
1506127854777	Marionette	DEBUG	Received DOM event "DOMContentLoaded" for "https://letskodeit.teachable.com/p/practice"
1506127855750	Marionette	DEBUG	Received DOM event "DOMContentLoaded" for "https://letskodeit.teachable.com/courses"
1506127857105	Marionette	DEBUG	Received DOM event "DOMContentLoaded" for "https://dialog.filestackapi.com/dialog/comm_iframe/"
1506127857111	Marionette	DEBUG	Received DOM event "pageshow" for "https://dialog.filestackapi.com/dialog/comm_iframe/"
1506127857111	Marionette	DEBUG	Received DOM event "DOMContentLoaded" for "https://dialog.filestackapi.com/dialog/comm_iframe/"
1506127857113	Marionette	DEBUG	Received DOM event "pageshow" for "https://dialog.filestackapi.com/dialog/comm_iframe/"
1506127857283	Marionette	DEBUG	Received DOM event "DOMContentLoaded" for "https://www.filestackapi.com/dialog/comm_iframe/"
1506127857285	Marionette	DEBUG	Received DOM event "pageshow" for "https://www.filestackapi.com/dialog/comm_iframe/"
1506127857285	Marionette	DEBUG	Received DOM event "DOMContentLoaded" for "https://www.filestackapi.com/dialog/comm_iframe/"
1506127857286	Marionette	DEBUG	Received DOM event "pageshow" for "https://www.filestackapi.com/dialog/comm_iframe/"
1506127857300	Marionette	DEBUG	Received DOM event "pageshow" for "https://letskodeit.teachable.com/courses"
1506127857313	Marionette	DEBUG	Received DOM event "pageshow" for "https://letskodeit.teachable.com/p/practice"
[GFX1-]: Receive IPC close with reason=AbnormalShutdown
1506127935159	geckodriver	INFO	Listening on 127.0.0.1:52359
1506127936192	geckodriver::marionette	INFO	Starting browser /Applications/Firefox.app/Contents/MacOS/firefox-bin with args ["-marionette"]
1506127936484	addons.xpi	WARN	Error parsing extensions state: [Exception... "Component returned failure code: 0x80520012 (NS_ERROR_FILE_NOT_FOUND) [amIAddonManagerStartup.readStartupData]"  nsresult: "0x80520012 (NS_ERROR_FILE_NOT_FOUND)"  location: "JS frame :: resource://gre/modules/addons/XPIProvider.jsm :: loadExtensionState :: line 1596"  data: no] Stack trace: loadExtensionState()@resource://gre/modules/addons/XPIProvider.jsm:1596 < getInstallState()@resource://gre/modules/addons/XPIProvider.jsm:1631 < checkForChanges()@resource://gre/modules/addons/XPIProvider.jsm:3152 < startup()@resource://gre/modules/addons/XPIProvider.jsm:2246 < callProvider()@resource://gre/modules/AddonManager.jsm:271 < _startProvider()@resource://gre/modules/AddonManager.jsm:741 < startup()@resource://gre/modules/AddonManager.jsm:908 < startup()@resource://gre/modules/AddonManager.jsm:3122 < observe()@jar:file:///Applications/Firefox.app/Contents/Resources/omni.ja!/components/addonManager.js:65
1506127936800	Marionette	INFO	Enabled via --marionette
2017-09-22 19:52:18.008 plugin-container[16226:2064771] *** CFMessagePort: bootstrap_register(): failed 1100 (0x44c) 'Permission denied', port = 0xa23b, name = 'com.apple.tsm.portname'
See /usr/include/servers/bootstrap_defs.h for the error codes.
2017-09-22 19:52:18.012 plugin-container[16226:2064771] *** CFMessagePort: bootstrap_register(): failed 1100 (0x44c) 'Permission denied', port = 0xa503, name = 'com.apple.CFPasteboardClient'
See /usr/include/servers/bootstrap_defs.h for the error codes.
1506127938224	Marionette	INFO	Listening on port 52368
JavaScript error: chrome://marionette/content/server.js, line 337: NS_ERROR_SOCKET_ADDRESS_IN_USE: Component returned failure code: 0x804b0036 (NS_ERROR_SOCKET_ADDRESS_IN_USE) [nsIServerSocket.initSpecialConnection]
1506127938289	Marionette	WARN	TLS certificate errors will be ignored for this session
1506127938322	Marionette	DEBUG	loaded listener.js
1506127938342	Marionette	DEBUG	Received DOM event "beforeunload" for "about:blank"
1506127939093	Marionette	DEBUG	Received DOM event "pagehide" for "about:blank"
1506127939093	Marionette	DEBUG	Received DOM event "unload" for "about:blank"
1506127940105	Marionette	DEBUG	Received DOM event "DOMContentLoaded" for "https://letskodeit.teachable.com/p/practice"
1506127941519	Marionette	DEBUG	Received DOM event "DOMContentLoaded" for "https://letskodeit.teachable.com/courses"
1506127941701	Marionette	DEBUG	Received DOM event "DOMContentLoaded" for "https://www.filestackapi.com/dialog/comm_iframe/"
1506127941711	Marionette	DEBUG	Received DOM event "pageshow" for "https://www.filestackapi.com/dialog/comm_iframe/"
1506127941754	Marionette	DEBUG	Received DOM event "DOMContentLoaded" for "https://dialog.filestackapi.com/dialog/comm_iframe/"
1506127941759	Marionette	DEBUG	Received DOM event "pageshow" for "https://dialog.filestackapi.com/dialog/comm_iframe/"
1506127941811	Marionette	DEBUG	Received DOM event "DOMContentLoaded" for "https://dialog.filestackapi.com/dialog/comm_iframe/"
1506127941813	Marionette	DEBUG	Received DOM event "pageshow" for "https://dialog.filestackapi.com/dialog/comm_iframe/"
1506127941813	Marionette	DEBUG	Received DOM event "DOMContentLoaded" for "https://www.filestackapi.com/dialog/comm_iframe/"
1506127941815	Marionette	DEBUG	Received DOM event "pageshow" for "https://www.filestackapi.com/dialog/comm_iframe/"
1506127941869	Marionette	DEBUG	Received DOM event "pageshow" for "https://letskodeit.teachable.com/courses"
1506127941885	Marionette	DEBUG	Received DOM event "pageshow" for "https://letskodeit.teachable.com/p/practice"
1506134789154	geckodriver	INFO	Listening on 127.0.0.1:52647
1506134790189	geckodriver::marionette	INFO	Starting browser /Applications/Firefox.app/Contents/MacOS/firefox-bin with args ["-marionette"]
1506134790505	addons.xpi	WARN	Error parsing extensions state: [Exception... "Component returned failure code: 0x80520012 (NS_ERROR_FILE_NOT_FOUND) [amIAddonManagerStartup.readStartupData]"  nsresult: "0x80520012 (NS_ERROR_FILE_NOT_FOUND)"  location: "JS frame :: resource://gre/modules/addons/XPIProvider.jsm :: loadExtensionState :: line 1596"  data: no] Stack trace: loadExtensionState()@resource://gre/modules/addons/XPIProvider.jsm:1596 < getInstallState()@resource://gre/modules/addons/XPIProvider.jsm:1631 < checkForChanges()@resource://gre/modules/addons/XPIProvider.jsm:3152 < startup()@resource://gre/modules/addons/XPIProvider.jsm:2246 < callProvider()@resource://gre/modules/AddonManager.jsm:271 < _startProvider()@resource://gre/modules/AddonManager.jsm:741 < startup()@resource://gre/modules/AddonManager.jsm:908 < startup()@resource://gre/modules/AddonManager.jsm:3122 < observe()@jar:file:///Applications/Firefox.app/Contents/Resources/omni.ja!/components/addonManager.js:65
1506134790839	Marionette	INFO	Enabled via --marionette
2017-09-22 21:46:32.130 plugin-container[16372:2101535] *** CFMessagePort: bootstrap_register(): failed 1100 (0x44c) 'Permission denied', port = 0xa33b, name = 'com.apple.tsm.portname'
See /usr/include/servers/bootstrap_defs.h for the error codes.
2017-09-22 21:46:32.132 plugin-container[16372:2101535] *** CFMessagePort: bootstrap_register(): failed 1100 (0x44c) 'Permission denied', port = 0xa603, name = 'com.apple.CFPasteboardClient'
See /usr/include/servers/bootstrap_defs.h for the error codes.
1506134792320	Marionette	INFO	Listening on port 52657
JavaScript error: chrome://marionette/content/server.js, line 337: NS_ERROR_SOCKET_ADDRESS_IN_USE: Component returned failure code: 0x804b0036 (NS_ERROR_SOCKET_ADDRESS_IN_USE) [nsIServerSocket.initSpecialConnection]
1506134792400	Marionette	WARN	TLS certificate errors will be ignored for this session
1506134792440	Marionette	DEBUG	loaded listener.js
1506134792455	Marionette	DEBUG	Received DOM event "beforeunload" for "about:blank"
1506134793305	Marionette	DEBUG	Received DOM event "pagehide" for "about:blank"
1506134793305	Marionette	DEBUG	Received DOM event "unload" for "about:blank"
1506134794328	Marionette	DEBUG	Received DOM event "DOMContentLoaded" for "https://letskodeit.teachable.com/p/practice"
1506134795254	Marionette	DEBUG	Received DOM event "DOMContentLoaded" for "https://letskodeit.teachable.com/courses"
1506134796741	Marionette	DEBUG	Received DOM event "DOMContentLoaded" for "https://dialog.filestackapi.com/dialog/comm_iframe/"
1506134796744	Marionette	DEBUG	Received DOM event "pageshow" for "https://dialog.filestackapi.com/dialog/comm_iframe/"
1506134796744	Marionette	DEBUG	Received DOM event "DOMContentLoaded" for "https://www.filestackapi.com/dialog/comm_iframe/"
1506134796746	Marionette	DEBUG	Received DOM event "pageshow" for "https://www.filestackapi.com/dialog/comm_iframe/"
1506134796746	Marionette	DEBUG	Received DOM event "DOMContentLoaded" for "https://dialog.filestackapi.com/dialog/comm_iframe/"
1506134796748	Marionette	DEBUG	Received DOM event "pageshow" for "https://dialog.filestackapi.com/dialog/comm_iframe/"
1506134796749	Marionette	DEBUG	Received DOM event "DOMContentLoaded" for "https://www.filestackapi.com/dialog/comm_iframe/"
1506134796751	Marionette	DEBUG	Received DOM event "pageshow" for "https://www.filestackapi.com/dialog/comm_iframe/"
1506134796764	Marionette	DEBUG	Received DOM event "pageshow" for "https://letskodeit.teachable.com/courses"
1506134796785	Marionette	DEBUG	Received DOM event "pageshow" for "https://letskodeit.teachable.com/p/practice"
[GFX1-]: Receive IPC close with reason=AbnormalShutdown
1507862257491	geckodriver	INFO	Listening on 127.0.0.1:56525
1507862258595	geckodriver::marionette	INFO	Starting browser /Applications/Firefox.app/Contents/MacOS/firefox-bin with args ["-marionette"]
1507862259878	addons.xpi	WARN	Error parsing extensions state: [Exception... "Component returned failure code: 0x80520012 (NS_ERROR_FILE_NOT_FOUND) [amIAddonManagerStartup.readStartupData]"  nsresult: "0x80520012 (NS_ERROR_FILE_NOT_FOUND)"  location: "JS frame :: resource://gre/modules/addons/XPIProvider.jsm :: loadExtensionState :: line 1554"  data: no] Stack trace: loadExtensionState()@resource://gre/modules/addons/XPIProvider.jsm:1554 < getInstallState()@resource://gre/modules/addons/XPIProvider.jsm:1589 < checkForChanges()@resource://gre/modules/addons/XPIProvider.jsm:3109 < startup()@resource://gre/modules/addons/XPIProvider.jsm:2188 < callProvider()@resource://gre/modules/AddonManager.jsm:269 < _startProvider()@resource://gre/modules/AddonManager.jsm:739 < startup()@resource://gre/modules/AddonManager.jsm:906 < startup()@resource://gre/modules/AddonManager.jsm:3090 < observe()@jar:file:///Applications/Firefox.app/Contents/Resources/omni.ja!/components/addonManager.js:65
1507862260512	Marionette	INFO	Enabled via --marionette
2017-10-12 21:37:42.533 plugin-container[23848:4001469] *** CFMessagePort: bootstrap_register(): failed 1100 (0x44c) 'Permission denied', port = 0xa03f, name = 'com.apple.tsm.portname'
See /usr/include/servers/bootstrap_defs.h for the error codes.
2017-10-12 21:37:42.534 plugin-container[23848:4001469] *** CFMessagePort: bootstrap_register(): failed 1100 (0x44c) 'Permission denied', port = 0xa603, name = 'com.apple.CFPasteboardClient'
See /usr/include/servers/bootstrap_defs.h for the error codes.
1507862263437	Marionette	INFO	Listening on port 56534
1507862263476	Marionette	WARN	TLS certificate errors will be ignored for this session
1507862263524	Marionette	DEBUG	Register listener.js for window 2147483649
1507862263567	Marionette	DEBUG	Received DOM event "beforeunload" for "about:blank"
1507862264816	Marionette	DEBUG	Received DOM event "pagehide" for "about:blank"
1507862264817	Marionette	DEBUG	Received DOM event "unload" for "about:blank"
1507862266684	Marionette	DEBUG	Received DOM event "DOMContentLoaded" for "http://letskodeit.teachable.com/p/practice"
1507862267710	Marionette	DEBUG	Received DOM event "pageshow" for "http://letskodeit.teachable.com/p/practice"
*** UTM:SVC TimerManager:registerTimer called after profile-before-change notification. Ignoring timer registration for id: telemetry_modules_ping
1507862325088	geckodriver	INFO	Listening on 127.0.0.1:56704
1507862326127	geckodriver::marionette	INFO	Starting browser /Applications/Firefox.app/Contents/MacOS/firefox-bin with args ["-marionette"]
1507862326497	addons.xpi	WARN	Error parsing extensions state: [Exception... "Component returned failure code: 0x80520012 (NS_ERROR_FILE_NOT_FOUND) [amIAddonManagerStartup.readStartupData]"  nsresult: "0x80520012 (NS_ERROR_FILE_NOT_FOUND)"  location: "JS frame :: resource://gre/modules/addons/XPIProvider.jsm :: loadExtensionState :: line 1554"  data: no] Stack trace: loadExtensionState()@resource://gre/modules/addons/XPIProvider.jsm:1554 < getInstallState()@resource://gre/modules/addons/XPIProvider.jsm:1589 < checkForChanges()@resource://gre/modules/addons/XPIProvider.jsm:3109 < startup()@resource://gre/modules/addons/XPIProvider.jsm:2188 < callProvider()@resource://gre/modules/AddonManager.jsm:269 < _startProvider()@resource://gre/modules/AddonManager.jsm:739 < startup()@resource://gre/modules/AddonManager.jsm:906 < startup()@resource://gre/modules/AddonManager.jsm:3090 < observe()@jar:file:///Applications/Firefox.app/Contents/Resources/omni.ja!/components/addonManager.js:65
1507862326867	Marionette	INFO	Enabled via --marionette
2017-10-12 21:38:48.157 plugin-container[23866:4002694] *** CFMessagePort: bootstrap_register(): failed 1100 (0x44c) 'Permission denied', port = 0xa33f, name = 'com.apple.tsm.portname'
See /usr/include/servers/bootstrap_defs.h for the error codes.
2017-10-12 21:38:48.159 plugin-container[23866:4002694] *** CFMessagePort: bootstrap_register(): failed 1100 (0x44c) 'Permission denied', port = 0xa603, name = 'com.apple.CFPasteboardClient'
See /usr/include/servers/bootstrap_defs.h for the error codes.
1507862328762	Marionette	INFO	Listening on port 56716
1507862328831	Marionette	WARN	TLS certificate errors will be ignored for this session
1507862328869	Marionette	DEBUG	Register listener.js for window 2147483649
1507862328887	Marionette	DEBUG	Received DOM event "beforeunload" for "about:blank"
1507862330759	Marionette	DEBUG	Received DOM event "pagehide" for "about:blank"
1507862330759	Marionette	DEBUG	Received DOM event "unload" for "about:blank"
1507862333174	Marionette	DEBUG	Received DOM event "DOMContentLoaded" for "http://letskodeit.teachable.com/p/practice"
1507862334792	Marionette	DEBUG	Received DOM event "pageshow" for "http://letskodeit.teachable.com/p/practice"
1508026957021	geckodriver	INFO	Listening on 127.0.0.1:52181
1508026958055	geckodriver::marionette	INFO	Starting browser /Applications/Firefox.app/Contents/MacOS/firefox-bin with args ["-marionette"]
1508026960466	Marionette	INFO	Listening on port 52190
1508026960575	Marionette	WARN	TLS certificate errors will be ignored for this session
1508026960840	Marionette	DEBUG	loaded listener.js
1508026960882	Marionette	DEBUG	Received DOM event "beforeunload" for "about:blank"
2017-10-14 19:22:40.954 plugin-container[26481:4376636] *** CFMessagePort: bootstrap_register(): failed 1100 (0x44c) 'Permission denied', port = 0x913b, name = 'com.apple.tsm.portname'
See /usr/include/servers/bootstrap_defs.h for the error codes.
2017-10-14 19:22:40.957 plugin-container[26481:4376636] *** CFMessagePort: bootstrap_register(): failed 1100 (0x44c) 'Permission denied', port = 0x9403, name = 'com.apple.CFPasteboardClient'
See /usr/include/servers/bootstrap_defs.h for the error codes.
1508026961724	Marionette	DEBUG	Received DOM event "pagehide" for "about:blank"
1508026961724	Marionette	DEBUG	Received DOM event "unload" for "about:blank"
1508026962561	Marionette	DEBUG	Received DOM event "DOMContentLoaded" for "http://letskodeit.teachable.com/p/practice"
1508026962813	Marionette	DEBUG	Received DOM event "pageshow" for "http://letskodeit.teachable.com/p/practice"
1508026962946	Marionette	DEBUG	Received DOM event "DOMContentLoaded" for "about:blank"
1508026962949	Marionette	DEBUG	Received DOM event "pageshow" for "about:blank"
1508026963081	Marionette	DEBUG	Received DOM event "DOMContentLoaded" for "https://www.filestackapi.com/dialog/comm_iframe/"
1508026963083	Marionette	DEBUG	Received DOM event "pageshow" for "https://www.filestackapi.com/dialog/comm_iframe/"
1508026963094	Marionette	DEBUG	Received DOM event "DOMContentLoaded" for "https://dialog.filestackapi.com/dialog/comm_iframe/"
1508026963096	Marionette	DEBUG	Received DOM event "pageshow" for "https://dialog.filestackapi.com/dialog/comm_iframe/"
1508026963241	Marionette	DEBUG	Received DOM event "pageshow" for "http://letskodeit.teachable.com/p/practice"
1508030555241	geckodriver	INFO	Listening on 127.0.0.1:58007
1508030556290	geckodriver::marionette	INFO	Starting browser /Applications/Firefox.app/Contents/MacOS/firefox-bin with args ["-marionette"]
1508030559105	Marionette	INFO	Listening on port 58016
1508030559182	Marionette	WARN	TLS certificate errors will be ignored for this session
1508030559481	Marionette	DEBUG	loaded listener.js
1508030559522	Marionette	DEBUG	Received DOM event "beforeunload" for "about:blank"
2017-10-14 20:22:39.602 plugin-container[26586:4403177] *** CFMessagePort: bootstrap_register(): failed 1100 (0x44c) 'Permission denied', port = 0x9133, name = 'com.apple.tsm.portname'
See /usr/include/servers/bootstrap_defs.h for the error codes.
2017-10-14 20:22:39.606 plugin-container[26586:4403177] *** CFMessagePort: bootstrap_register(): failed 1100 (0x44c) 'Permission denied', port = 0x9403, name = 'com.apple.CFPasteboardClient'
See /usr/include/servers/bootstrap_defs.h for the error codes.
1508030560620	Marionette	DEBUG	Received DOM event "pagehide" for "about:blank"
1508030560620	Marionette	DEBUG	Received DOM event "unload" for "about:blank"
1508030561670	Marionette	DEBUG	Received DOM event "DOMContentLoaded" for "http://letskodeit.teachable.com/p/practice"
1508030561857	Marionette	DEBUG	Received DOM event "pageshow" for "http://letskodeit.teachable.com/p/practice"
1508030562134	Marionette	DEBUG	Received DOM event "DOMContentLoaded" for "about:blank"
1508030562143	Marionette	DEBUG	Received DOM event "pageshow" for "about:blank"
1508030562259	Marionette	DEBUG	Received DOM event "DOMContentLoaded" for "https://dialog.filestackapi.com/dialog/comm_iframe/"
1508030562261	Marionette	DEBUG	Received DOM event "pageshow" for "https://dialog.filestackapi.com/dialog/comm_iframe/"
1508030562262	Marionette	DEBUG	Received DOM event "DOMContentLoaded" for "https://www.filestackapi.com/dialog/comm_iframe/"
1508030562265	Marionette	DEBUG	Received DOM event "pageshow" for "https://www.filestackapi.com/dialog/comm_iframe/"
1508030562455	Marionette	DEBUG	Received DOM event "pageshow" for "http://letskodeit.teachable.com/p/practice"
1509843920889	geckodriver	INFO	Listening on 127.0.0.1:61815
1509843921919	geckodriver::marionette	INFO	Starting browser /Applications/Firefox.app/Contents/MacOS/firefox-bin with args ["-marionette"]
1509843924286	Marionette	INFO	Listening on port 61824
1509843924397	Marionette	WARN	TLS certificate errors will be ignored for this session
1509843924626	Marionette	DEBUG	loaded listener.js
1509843924658	Marionette	DEBUG	Received DOM event "beforeunload" for "about:blank"
2017-11-04 20:05:24.732 plugin-container[10359:2462320] *** CFMessagePort: bootstrap_register(): failed 1100 (0x44c) 'Permission denied', port = 0x913b, name = 'com.apple.tsm.portname'
See /usr/include/servers/bootstrap_defs.h for the error codes.
2017-11-04 20:05:24.736 plugin-container[10359:2462320] *** CFMessagePort: bootstrap_register(): failed 1100 (0x44c) 'Permission denied', port = 0x9403, name = 'com.apple.CFPasteboardClient'
See /usr/include/servers/bootstrap_defs.h for the error codes.
1509843925724	Marionette	DEBUG	Received DOM event "pagehide" for "about:blank"
1509843925724	Marionette	DEBUG	Received DOM event "unload" for "about:blank"
1509843926852	Marionette	DEBUG	Received DOM event "DOMContentLoaded" for "https://letskodeit.teachable.com/p/practice"
1509843928185	Marionette	DEBUG	Received DOM event "DOMContentLoaded" for "https://dialog.filestackapi.com/dialog/comm_iframe/"
1509843928192	Marionette	DEBUG	Received DOM event "pageshow" for "https://dialog.filestackapi.com/dialog/comm_iframe/"
1509843928195	Marionette	DEBUG	Received DOM event "DOMContentLoaded" for "https://www.filestackapi.com/dialog/comm_iframe/"
1509843928200	Marionette	DEBUG	Received DOM event "pageshow" for "https://www.filestackapi.com/dialog/comm_iframe/"
1509843928372	Marionette	DEBUG	Received DOM event "DOMContentLoaded" for "https://letskodeit.teachable.com/courses"
1509843928661	Marionette	DEBUG	Received DOM event "DOMContentLoaded" for "https://dialog.filestackapi.com/dialog/comm_iframe/"
1509843928665	Marionette	DEBUG	Received DOM event "pageshow" for "https://dialog.filestackapi.com/dialog/comm_iframe/"
1509843928668	Marionette	DEBUG	Received DOM event "DOMContentLoaded" for "https://www.filestackapi.com/dialog/comm_iframe/"
1509843928669	Marionette	DEBUG	Received DOM event "pageshow" for "https://www.filestackapi.com/dialog/comm_iframe/"
1509843928817	Marionette	DEBUG	Received DOM event "pageshow" for "https://letskodeit.teachable.com/courses"
1509843928863	Marionette	DEBUG	Received DOM event "DOMContentLoaded" for "https://fast.wistia.com/embed/iframe_shim?domain=com"
1509843928865	Marionette	DEBUG	Received DOM event "pageshow" for "https://fast.wistia.com/embed/iframe_shim?domain=com"
1509843928866	Marionette	DEBUG	Received DOM event "DOMContentLoaded" for "https://fast.wistia.com/embed/iframe_shim?domain=com"
1509843928867	Marionette	DEBUG	Received DOM event "pageshow" for "https://fast.wistia.com/embed/iframe_shim?domain=com"
1509843929042	Marionette	DEBUG	Received DOM event "pageshow" for "https://letskodeit.teachable.com/p/practice"
[GFX1-]: Receive IPC close with reason=AbnormalShutdown
